<?xml version="1.0" encoding="UTF-8"?>
<!-- Generated by org.testng.reporters.JUnitXMLReporter -->
<testsuite hostname="LAPTOP-AGHJRJVA" ignored="0" name="Test" tests="5" failures="0" timestamp="2020-05-26T12:02:04 IST" time="3.92" errors="0">
  <testcase name="getWeather" time="2.072" classname="test.rest.TC001_GetWetherByCityName"/>
  <testcase name="getWeather" time="0.287" classname="test.rest.TC001_GetWetherByCityName"/>
  <testcase name="getWeather" time="0.297" classname="test.rest.TC001_GetWetherByCityName"/>
  <testcase name="getWeather" time="0.312" classname="test.rest.TC001_GetWetherByCityName"/>
  <testcase name="getWeather" time="0.313" classname="test.rest.TC001_GetWetherByCityName"/>
</testsuite> <!-- Test -->
