<?xml version="1.0" encoding="UTF-8"?>
<!-- Generated by org.testng.reporters.JUnitXMLReporter -->
<testsuite hostname="LAPTOP-AGHJRJVA" ignored="0" name="Test" tests="5" failures="0" timestamp="2020-05-26T12:54:44 IST" time="5.29" errors="0">
  <testcase name="getWeather" time="3.171" classname="test.rest.TC001_GetWetherByCityName"/>
  <testcase name="getWeather" time="0.364" classname="test.rest.TC001_GetWetherByCityName"/>
  <testcase name="getWeather" time="0.364" classname="test.rest.TC001_GetWetherByCityName"/>
  <testcase name="getWeather" time="0.344" classname="test.rest.TC001_GetWetherByCityName"/>
  <testcase name="getWeather" time="0.344" classname="test.rest.TC001_GetWetherByCityName"/>
</testsuite> <!-- Test -->
